[0.008s] Invoking command in '/home/fbot/ros2_ws/build/apriltag_ros': CMAKE_PREFIX_PATH=/home/fbot/ros2_ws/install/apriltag:/opt/ros/humble LD_LIBRARY_PATH=/home/fbot/ros2_ws/install/apriltag/lib:${LD_LIBRARY_PATH} PATH=/home/fbot/ros2_ws/install/apriltag/bin:${PATH} PKG_CONFIG_PATH=/home/fbot/ros2_ws/install/apriltag/lib/x86_64-linux-gnu/pkgconfig:/home/fbot/ros2_ws/install/apriltag/lib/pkgconfig PYTHONPATH=/home/fbot/ros2_ws/install/apriltag/lib/python3.10/site-packages:${PYTHONPATH} /usr/bin/cmake /home/fbot/ros2_ws/src/apriltag_ros -DCMAKE_INSTALL_PREFIX=/home/fbot/ros2_ws/install/apriltag_ros
[0.047s] -- The C compiler identification is GNU 11.4.0
[0.087s] -- The CXX compiler identification is GNU 11.4.0
[0.092s] -- Detecting C compiler ABI info
[0.140s] -- Detecting C compiler ABI info - done
[0.146s] -- Check for working C compiler: /usr/bin/cc - skipped
[0.146s] -- Detecting C compile features
[0.146s] -- Detecting C compile features - done
[0.149s] -- Detecting CXX compiler ABI info
[0.204s] -- Detecting CXX compiler ABI info - done
[0.210s] -- Check for working CXX compiler: /usr/bin/c++ - skipped
[0.210s] -- Detecting CXX compile features
[0.211s] -- Detecting CXX compile features - done
[0.212s] -- Found rclcpp: 16.0.15 (/opt/ros/humble/share/rclcpp/cmake)
[0.326s] -- Found Python3: /usr/bin/python3 (found version "3.10.12") found components: Interpreter 
[0.421s] -- Found rosidl_generator_c: 3.1.7 (/opt/ros/humble/share/rosidl_generator_c/cmake)
[0.424s] -- Found rosidl_adapter: 3.1.7 (/opt/ros/humble/share/rosidl_adapter/cmake)
[0.430s] -- Found rosidl_generator_cpp: 3.1.7 (/opt/ros/humble/share/rosidl_generator_cpp/cmake)
[0.439s] -- Using all available rosidl_typesupport_c: rosidl_typesupport_fastrtps_c;rosidl_typesupport_introspection_c
[0.451s] -- Using all available rosidl_typesupport_cpp: rosidl_typesupport_fastrtps_cpp;rosidl_typesupport_introspection_cpp
[0.483s] -- Found rmw_implementation_cmake: 6.1.2 (/opt/ros/humble/share/rmw_implementation_cmake/cmake)
[0.485s] -- Found rmw_fastrtps_cpp: 6.2.9 (/opt/ros/humble/share/rmw_fastrtps_cpp/cmake)
[0.540s] -- Found OpenSSL: /usr/lib/x86_64-linux-gnu/libcrypto.so (found version "3.0.2")  
[0.559s] -- Found FastRTPS: /opt/ros/humble/include  
[0.586s] -- Using RMW implementation 'rmw_fastrtps_cpp' as default
[0.592s] -- Looking for pthread.h
[0.643s] -- Looking for pthread.h - found
[0.643s] -- Performing Test CMAKE_HAVE_LIBC_PTHREAD
[0.693s] -- Performing Test CMAKE_HAVE_LIBC_PTHREAD - Success
[0.694s] -- Found Threads: TRUE  
[0.740s] -- Found rclcpp_components: 16.0.15 (/opt/ros/humble/share/rclcpp_components/cmake)
[0.762s] -- Found sensor_msgs: 4.9.0 (/opt/ros/humble/share/sensor_msgs/cmake)
[0.788s] -- Found apriltag_msgs: 2.0.1 (/opt/ros/humble/share/apriltag_msgs/cmake)
[0.800s] -- Found tf2_ros: 0.25.16 (/opt/ros/humble/share/tf2_ros/cmake)
[0.860s] -- Found image_transport: 3.1.12 (/opt/ros/humble/share/image_transport/cmake)
[0.876s] -- Found cv_bridge: 3.2.1 (/opt/ros/humble/share/cv_bridge/cmake)
[0.890s] -- Found OpenCV: /usr (found version "4.5.4") found components: core calib3d 
[0.894s] -- Found ament_lint_auto: 0.12.14 (/opt/ros/humble/share/ament_lint_auto/cmake)
[0.956s] -- Added test 'clang_format' to check C / C++ code style
[0.958s] -- Added test 'cppcheck' to perform static code analysis on C / C++ code
[0.958s] -- Configured cppcheck include dirs: 
[0.958s] -- Configured cppcheck exclude dirs and/or files: 
[0.959s] -- Configuring done
[0.974s] -- Generating done
[0.980s] -- Build files have been written to: /home/fbot/ros2_ws/build/apriltag_ros
[0.989s] Invoked command in '/home/fbot/ros2_ws/build/apriltag_ros' returned '0': CMAKE_PREFIX_PATH=/home/fbot/ros2_ws/install/apriltag:/opt/ros/humble LD_LIBRARY_PATH=/home/fbot/ros2_ws/install/apriltag/lib:${LD_LIBRARY_PATH} PATH=/home/fbot/ros2_ws/install/apriltag/bin:${PATH} PKG_CONFIG_PATH=/home/fbot/ros2_ws/install/apriltag/lib/x86_64-linux-gnu/pkgconfig:/home/fbot/ros2_ws/install/apriltag/lib/pkgconfig PYTHONPATH=/home/fbot/ros2_ws/install/apriltag/lib/python3.10/site-packages:${PYTHONPATH} /usr/bin/cmake /home/fbot/ros2_ws/src/apriltag_ros -DCMAKE_INSTALL_PREFIX=/home/fbot/ros2_ws/install/apriltag_ros
[0.990s] Invoking command in '/home/fbot/ros2_ws/build/apriltag_ros': CMAKE_PREFIX_PATH=/home/fbot/ros2_ws/install/apriltag:/opt/ros/humble LD_LIBRARY_PATH=/home/fbot/ros2_ws/install/apriltag/lib:${LD_LIBRARY_PATH} PATH=/home/fbot/ros2_ws/install/apriltag/bin:${PATH} PKG_CONFIG_PATH=/home/fbot/ros2_ws/install/apriltag/lib/x86_64-linux-gnu/pkgconfig:/home/fbot/ros2_ws/install/apriltag/lib/pkgconfig PYTHONPATH=/home/fbot/ros2_ws/install/apriltag/lib/python3.10/site-packages:${PYTHONPATH} /usr/bin/cmake --build /home/fbot/ros2_ws/build/apriltag_ros -- -j12 -l12
[1.024s] [ 30%] [32mBuilding CXX object CMakeFiles/apriltag_node.dir/rclcpp_components/node_main_apriltag_node.cpp.o[0m
[1.024s] [ 30%] [32mBuilding CXX object CMakeFiles/tags.dir/src/tag_functions.cpp.o[0m
[1.024s] [ 30%] [32mBuilding CXX object CMakeFiles/conversion.dir/src/conversion.cpp.o[0m
[1.291s] [ 40%] [32m[1mLinking CXX static library libtags.a[0m
[1.336s] [ 40%] Built target tags
[2.291s] [ 50%] [32m[1mLinking CXX static library libconversion.a[0m
[2.337s] [ 50%] Built target conversion
[2.351s] [ 60%] [32mBuilding CXX object CMakeFiles/pose_estimation.dir/src/pose_estimation.cpp.o[0m
[3.499s] [ 70%] [32m[1mLinking CXX executable apriltag_node[0m
[3.592s] [ 70%] Built target apriltag_node
[3.629s] [ 80%] [32m[1mLinking CXX static library libpose_estimation.a[0m
[3.672s] [ 80%] Built target pose_estimation
[3.685s] [ 90%] [32mBuilding CXX object CMakeFiles/AprilTagNode.dir/src/AprilTagNode.cpp.o[0m
[8.349s] [100%] [32m[1mLinking CXX shared library libAprilTagNode.so[0m
[8.608s] [100%] Built target AprilTagNode
[8.615s] Invoked command in '/home/fbot/ros2_ws/build/apriltag_ros' returned '0': CMAKE_PREFIX_PATH=/home/fbot/ros2_ws/install/apriltag:/opt/ros/humble LD_LIBRARY_PATH=/home/fbot/ros2_ws/install/apriltag/lib:${LD_LIBRARY_PATH} PATH=/home/fbot/ros2_ws/install/apriltag/bin:${PATH} PKG_CONFIG_PATH=/home/fbot/ros2_ws/install/apriltag/lib/x86_64-linux-gnu/pkgconfig:/home/fbot/ros2_ws/install/apriltag/lib/pkgconfig PYTHONPATH=/home/fbot/ros2_ws/install/apriltag/lib/python3.10/site-packages:${PYTHONPATH} /usr/bin/cmake --build /home/fbot/ros2_ws/build/apriltag_ros -- -j12 -l12
[8.622s] Invoking command in '/home/fbot/ros2_ws/build/apriltag_ros': CMAKE_PREFIX_PATH=/home/fbot/ros2_ws/install/apriltag:/opt/ros/humble LD_LIBRARY_PATH=/home/fbot/ros2_ws/install/apriltag/lib:${LD_LIBRARY_PATH} PATH=/home/fbot/ros2_ws/install/apriltag/bin:${PATH} PKG_CONFIG_PATH=/home/fbot/ros2_ws/install/apriltag/lib/x86_64-linux-gnu/pkgconfig:/home/fbot/ros2_ws/install/apriltag/lib/pkgconfig PYTHONPATH=/home/fbot/ros2_ws/install/apriltag/lib/python3.10/site-packages:${PYTHONPATH} /usr/bin/cmake --install /home/fbot/ros2_ws/build/apriltag_ros
[8.627s] -- Install configuration: ""
[8.627s] -- Installing: /home/fbot/ros2_ws/install/apriltag_ros/lib/apriltag_ros/apriltag_node
[8.628s] -- Set runtime path of "/home/fbot/ros2_ws/install/apriltag_ros/lib/apriltag_ros/apriltag_node" to ""
[8.628s] -- Installing: /home/fbot/ros2_ws/install/apriltag_ros/share/apriltag_ros/environment/library_path.sh
[8.628s] -- Installing: /home/fbot/ros2_ws/install/apriltag_ros/share/apriltag_ros/environment/library_path.dsv
[8.628s] -- Installing: /home/fbot/ros2_ws/install/apriltag_ros/lib/libAprilTagNode.so
[8.630s] -- Set runtime path of "/home/fbot/ros2_ws/install/apriltag_ros/lib/libAprilTagNode.so" to ""
[8.630s] -- Installing: /home/fbot/ros2_ws/install/apriltag_ros/share/apriltag_ros/cfg
[8.630s] -- Installing: /home/fbot/ros2_ws/install/apriltag_ros/share/apriltag_ros/cfg/tags_36h11.yaml
[8.630s] -- Installing: /home/fbot/ros2_ws/install/apriltag_ros/share/apriltag_ros/launch
[8.630s] -- Installing: /home/fbot/ros2_ws/install/apriltag_ros/share/apriltag_ros/launch/camera_36h11.launch.yml
[8.630s] -- Installing: /home/fbot/ros2_ws/install/apriltag_ros/share/ament_index/resource_index/package_run_dependencies/apriltag_ros
[8.630s] -- Installing: /home/fbot/ros2_ws/install/apriltag_ros/share/ament_index/resource_index/parent_prefix_path/apriltag_ros
[8.630s] -- Installing: /home/fbot/ros2_ws/install/apriltag_ros/share/apriltag_ros/environment/ament_prefix_path.sh
[8.630s] -- Installing: /home/fbot/ros2_ws/install/apriltag_ros/share/apriltag_ros/environment/ament_prefix_path.dsv
[8.631s] -- Installing: /home/fbot/ros2_ws/install/apriltag_ros/share/apriltag_ros/environment/path.sh
[8.631s] -- Installing: /home/fbot/ros2_ws/install/apriltag_ros/share/apriltag_ros/environment/path.dsv
[8.631s] -- Installing: /home/fbot/ros2_ws/install/apriltag_ros/share/apriltag_ros/local_setup.bash
[8.631s] -- Installing: /home/fbot/ros2_ws/install/apriltag_ros/share/apriltag_ros/local_setup.sh
[8.631s] -- Installing: /home/fbot/ros2_ws/install/apriltag_ros/share/apriltag_ros/local_setup.zsh
[8.631s] -- Installing: /home/fbot/ros2_ws/install/apriltag_ros/share/apriltag_ros/local_setup.dsv
[8.631s] -- Installing: /home/fbot/ros2_ws/install/apriltag_ros/share/apriltag_ros/package.dsv
[8.631s] -- Installing: /home/fbot/ros2_ws/install/apriltag_ros/share/ament_index/resource_index/packages/apriltag_ros
[8.631s] -- Installing: /home/fbot/ros2_ws/install/apriltag_ros/share/ament_index/resource_index/rclcpp_components/apriltag_ros
[8.631s] -- Installing: /home/fbot/ros2_ws/install/apriltag_ros/share/apriltag_ros/cmake/apriltag_rosConfig.cmake
[8.631s] -- Installing: /home/fbot/ros2_ws/install/apriltag_ros/share/apriltag_ros/cmake/apriltag_rosConfig-version.cmake
[8.632s] -- Installing: /home/fbot/ros2_ws/install/apriltag_ros/share/apriltag_ros/package.xml
[8.633s] Invoked command in '/home/fbot/ros2_ws/build/apriltag_ros' returned '0': CMAKE_PREFIX_PATH=/home/fbot/ros2_ws/install/apriltag:/opt/ros/humble LD_LIBRARY_PATH=/home/fbot/ros2_ws/install/apriltag/lib:${LD_LIBRARY_PATH} PATH=/home/fbot/ros2_ws/install/apriltag/bin:${PATH} PKG_CONFIG_PATH=/home/fbot/ros2_ws/install/apriltag/lib/x86_64-linux-gnu/pkgconfig:/home/fbot/ros2_ws/install/apriltag/lib/pkgconfig PYTHONPATH=/home/fbot/ros2_ws/install/apriltag/lib/python3.10/site-packages:${PYTHONPATH} /usr/bin/cmake --install /home/fbot/ros2_ws/build/apriltag_ros
