[0.006s] Invoking command in '/home/fbot/ros2_ws/build/apriltag': /usr/bin/cmake /home/fbot/ros2_ws/src/apriltag -DCMAKE_INSTALL_PREFIX=/home/fbot/ros2_ws/install/apriltag
[0.045s] -- The C compiler identification is GNU 11.4.0
[0.050s] -- Detecting C compiler ABI info
[0.095s] -- Detecting C compiler ABI info - done
[0.102s] -- Check for working C compiler: /usr/bin/cc - skipped
[0.102s] -- Detecting C compile features
[0.102s] -- Detecting C compile features - done
[0.103s] -- Setting build type to 'Release' as none was specified.
[0.104s] -- Looking for pthread.h
[0.154s] -- Looking for pthread.h - found
[0.154s] -- Performing Test CMAKE_HAVE_LIBC_PTHREAD
[0.203s] -- Performing Test CMAKE_HAVE_LIBC_PTHREAD - Success
[0.204s] -- Found Threads: TRUE  
[0.624s] -- The CXX compiler identification is GNU 11.4.0
[0.629s] -- Detecting CXX compiler ABI info
[0.686s] -- Detecting CXX compiler ABI info - done
[0.692s] -- Check for working CXX compiler: /usr/bin/c++ - skipped
[0.692s] -- Detecting CXX compile features
[0.693s] -- Detecting CXX compile features - done
[0.693s] -- Configuring done
[0.702s] -- Generating done
[0.704s] -- Build files have been written to: /home/fbot/ros2_ws/build/apriltag
[0.707s] Invoked command in '/home/fbot/ros2_ws/build/apriltag' returned '0': /usr/bin/cmake /home/fbot/ros2_ws/src/apriltag -DCMAKE_INSTALL_PREFIX=/home/fbot/ros2_ws/install/apriltag
[0.709s] Invoking command in '/home/fbot/ros2_ws/build/apriltag': /usr/bin/cmake --build /home/fbot/ros2_ws/build/apriltag -- -j12 -l12
[0.742s] [  4%] [34m[1mGenerating apriltag_detect_docstring.h, apriltag_detect_docstring.cxx[0m
[0.743s] [  4%] [32mBuilding C object CMakeFiles/apriltag.dir/apriltag_pose.c.o[0m
[0.743s] [  7%] [32mBuilding C object CMakeFiles/apriltag.dir/apriltag_quad_thresh.c.o[0m
[0.743s] [  9%] [32mBuilding C object CMakeFiles/apriltag.dir/apriltag.c.o[0m
[0.743s] [ 11%] [32mBuilding C object CMakeFiles/apriltag.dir/common/g2d.c.o[0m
[0.743s] [ 14%] [32mBuilding C object CMakeFiles/apriltag.dir/common/homography.c.o[0m
[0.743s] [ 16%] [32mBuilding C object CMakeFiles/apriltag.dir/common/image_u8.c.o[0m
[0.743s] [ 19%] [32mBuilding C object CMakeFiles/apriltag.dir/common/image_u8x3.c.o[0m
[0.743s] [ 21%] [32mBuilding C object CMakeFiles/apriltag.dir/common/image_u8x4.c.o[0m
[0.743s] [ 23%] [32mBuilding C object CMakeFiles/apriltag.dir/common/getopt.c.o[0m
[0.745s] [ 26%] [34m[1mGenerating apriltag_py_type_docstring.h, apriltag_py_type_docstring.cxx[0m
[0.745s] [ 28%] [32mBuilding C object CMakeFiles/apriltag.dir/common/image_u8_parallel.c.o[0m
[0.763s] [ 30%] [32mBuilding C object CMakeFiles/apriltag.dir/common/matd.c.o[0m
[0.782s] [ 30%] Built target apriltag_py_docstrings
[0.790s] [ 33%] [32mBuilding C object CMakeFiles/apriltag.dir/common/pam.c.o[0m
[0.898s] [ 35%] [32mBuilding C object CMakeFiles/apriltag.dir/common/pjpeg-idct.c.o[0m
[0.924s] [ 38%] [32mBuilding C object CMakeFiles/apriltag.dir/common/pjpeg.c.o[0m
[0.932s] [ 40%] [32mBuilding C object CMakeFiles/apriltag.dir/common/pnm.c.o[0m
[0.982s] [ 42%] [32mBuilding C object CMakeFiles/apriltag.dir/common/pthreads_cross.c.o[0m
[0.985s] [ 45%] [32mBuilding C object CMakeFiles/apriltag.dir/common/string_util.c.o[0m
[1.000s] [ 47%] [32mBuilding C object CMakeFiles/apriltag.dir/common/svd22.c.o[0m
[1.004s] [ 50%] [32mBuilding C object CMakeFiles/apriltag.dir/common/time_util.c.o[0m
[1.019s] [ 52%] [32mBuilding C object CMakeFiles/apriltag.dir/common/workerpool.c.o[0m
[1.019s] [ 54%] [32mBuilding C object CMakeFiles/apriltag.dir/common/unionfind.c.o[0m
[1.060s] [ 57%] [32mBuilding C object CMakeFiles/apriltag.dir/common/zarray.c.o[0m
[1.067s] [ 59%] [32mBuilding C object CMakeFiles/apriltag.dir/common/zhash.c.o[0m
[1.071s] [ 61%] [32mBuilding C object CMakeFiles/apriltag.dir/common/zmaxheap.c.o[0m
[1.096s] [ 64%] [32mBuilding C object CMakeFiles/apriltag.dir/tag16h5.c.o[0m
[1.103s] [ 66%] [32mBuilding C object CMakeFiles/apriltag.dir/tag25h9.c.o[0m
[1.111s] [ 69%] [32mBuilding C object CMakeFiles/apriltag.dir/tag36h10.c.o[0m
[1.122s] [ 71%] [32mBuilding C object CMakeFiles/apriltag.dir/tag36h11.c.o[0m
[1.163s] [ 73%] [32mBuilding C object CMakeFiles/apriltag.dir/tagCircle21h7.c.o[0m
[1.177s] [ 76%] [32mBuilding C object CMakeFiles/apriltag.dir/tagCircle49h12.c.o[0m
[1.196s] [ 80%] [32mBuilding C object CMakeFiles/apriltag.dir/tagCustom48h12.c.o[0m
[1.196s] [ 80%] [32mBuilding C object CMakeFiles/apriltag.dir/tagStandard41h12.c.o[0m
[1.225s] [ 83%] [32mBuilding C object CMakeFiles/apriltag.dir/tagStandard52h13.c.o[0m
[1.717s] [ 85%] [32m[1mLinking C shared library libapriltag.so[0m
[1.765s] [ 85%] Built target apriltag
[1.778s] [ 92%] [32mBuilding C object CMakeFiles/apriltag_demo.dir/example/apriltag_demo.c.o[0m
[1.778s] [ 92%] [32mBuilding CXX object CMakeFiles/opencv_demo.dir/example/opencv_demo.cc.o[0m
[1.778s] [ 92%] [32mBuilding C object CMakeFiles/apriltag.cpython-310-x86_64-linux-gnu.dir/apriltag_pywrap.c.o[0m
[1.870s] [ 95%] [32m[1mLinking C executable apriltag_demo[0m
[1.898s] [ 95%] Built target apriltag_demo
[1.916s] [ 97%] [32m[1mLinking C shared module apriltag.cpython-310-x86_64-linux-gnu.so[0m
[1.942s] [ 97%] Built target apriltag.cpython-310-x86_64-linux-gnu
[3.060s] [100%] [32m[1mLinking CXX executable opencv_demo[0m
[3.326s] [100%] Built target opencv_demo
[3.333s] Invoked command in '/home/fbot/ros2_ws/build/apriltag' returned '0': /usr/bin/cmake --build /home/fbot/ros2_ws/build/apriltag -- -j12 -l12
[3.340s] Invoking command in '/home/fbot/ros2_ws/build/apriltag': /usr/bin/cmake --install /home/fbot/ros2_ws/build/apriltag
[3.345s] -- Install configuration: "Release"
[3.345s] -- Installing: /home/fbot/ros2_ws/install/apriltag/include/apriltag/apriltag.h
[3.345s] -- Installing: /home/fbot/ros2_ws/install/apriltag/include/apriltag/apriltag_math.h
[3.345s] -- Installing: /home/fbot/ros2_ws/install/apriltag/include/apriltag/apriltag_pose.h
[3.345s] -- Installing: /home/fbot/ros2_ws/install/apriltag/include/apriltag/common/debug_print.h
[3.345s] -- Installing: /home/fbot/ros2_ws/install/apriltag/include/apriltag/common/doubles.h
[3.345s] -- Installing: /home/fbot/ros2_ws/install/apriltag/include/apriltag/common/doubles_floats_impl.h
[3.346s] -- Installing: /home/fbot/ros2_ws/install/apriltag/include/apriltag/common/floats.h
[3.346s] -- Installing: /home/fbot/ros2_ws/install/apriltag/include/apriltag/common/g2d.h
[3.346s] -- Installing: /home/fbot/ros2_ws/install/apriltag/include/apriltag/common/getopt.h
[3.346s] -- Installing: /home/fbot/ros2_ws/install/apriltag/include/apriltag/common/homography.h
[3.346s] -- Installing: /home/fbot/ros2_ws/install/apriltag/include/apriltag/common/image_types.h
[3.346s] -- Installing: /home/fbot/ros2_ws/install/apriltag/include/apriltag/common/image_u8.h
[3.346s] -- Installing: /home/fbot/ros2_ws/install/apriltag/include/apriltag/common/image_u8_parallel.h
[3.346s] -- Installing: /home/fbot/ros2_ws/install/apriltag/include/apriltag/common/image_u8x3.h
[3.346s] -- Installing: /home/fbot/ros2_ws/install/apriltag/include/apriltag/common/image_u8x4.h
[3.346s] -- Installing: /home/fbot/ros2_ws/install/apriltag/include/apriltag/common/matd.h
[3.346s] -- Installing: /home/fbot/ros2_ws/install/apriltag/include/apriltag/common/math_util.h
[3.346s] -- Installing: /home/fbot/ros2_ws/install/apriltag/include/apriltag/common/pam.h
[3.347s] -- Installing: /home/fbot/ros2_ws/install/apriltag/include/apriltag/common/pjpeg.h
[3.347s] -- Installing: /home/fbot/ros2_ws/install/apriltag/include/apriltag/common/pnm.h
[3.347s] -- Installing: /home/fbot/ros2_ws/install/apriltag/include/apriltag/common/postscript_utils.h
[3.347s] -- Installing: /home/fbot/ros2_ws/install/apriltag/include/apriltag/common/pthreads_cross.h
[3.347s] -- Installing: /home/fbot/ros2_ws/install/apriltag/include/apriltag/common/string_util.h
[3.347s] -- Installing: /home/fbot/ros2_ws/install/apriltag/include/apriltag/common/svd22.h
[3.347s] -- Installing: /home/fbot/ros2_ws/install/apriltag/include/apriltag/common/time_util.h
[3.347s] -- Installing: /home/fbot/ros2_ws/install/apriltag/include/apriltag/common/timeprofile.h
[3.347s] -- Installing: /home/fbot/ros2_ws/install/apriltag/include/apriltag/common/unionfind.h
[3.347s] -- Installing: /home/fbot/ros2_ws/install/apriltag/include/apriltag/common/workerpool.h
[3.347s] -- Installing: /home/fbot/ros2_ws/install/apriltag/include/apriltag/common/zarray.h
[3.347s] -- Installing: /home/fbot/ros2_ws/install/apriltag/include/apriltag/common/zhash.h
[3.348s] -- Installing: /home/fbot/ros2_ws/install/apriltag/include/apriltag/common/zmaxheap.h
[3.348s] -- Installing: /home/fbot/ros2_ws/install/apriltag/include/apriltag/tag16h5.h
[3.348s] -- Installing: /home/fbot/ros2_ws/install/apriltag/include/apriltag/tag25h9.h
[3.348s] -- Installing: /home/fbot/ros2_ws/install/apriltag/include/apriltag/tag36h10.h
[3.348s] -- Installing: /home/fbot/ros2_ws/install/apriltag/include/apriltag/tag36h11.h
[3.348s] -- Installing: /home/fbot/ros2_ws/install/apriltag/include/apriltag/tagCircle21h7.h
[3.348s] -- Installing: /home/fbot/ros2_ws/install/apriltag/include/apriltag/tagCircle49h12.h
[3.348s] -- Installing: /home/fbot/ros2_ws/install/apriltag/include/apriltag/tagCustom48h12.h
[3.348s] -- Installing: /home/fbot/ros2_ws/install/apriltag/include/apriltag/tagStandard41h12.h
[3.348s] -- Installing: /home/fbot/ros2_ws/install/apriltag/include/apriltag/tagStandard52h13.h
[3.348s] -- Installing: /home/fbot/ros2_ws/install/apriltag/lib/libapriltag.so.3.4.5
[3.349s] -- Installing: /home/fbot/ros2_ws/install/apriltag/lib/libapriltag.so.3
[3.349s] -- Installing: /home/fbot/ros2_ws/install/apriltag/lib/libapriltag.so
[3.350s] -- Installing: /home/fbot/ros2_ws/install/apriltag/lib/apriltag/cmake/apriltagTargets.cmake
[3.350s] -- Installing: /home/fbot/ros2_ws/install/apriltag/lib/apriltag/cmake/apriltagTargets-release.cmake
[3.350s] -- Installing: /home/fbot/ros2_ws/install/apriltag/lib/apriltag/cmake/apriltagConfig.cmake
[3.350s] -- Installing: /home/fbot/ros2_ws/install/apriltag/lib/apriltag/cmake/apriltagConfigVersion.cmake
[3.350s] -- Installing: /home/fbot/ros2_ws/install/apriltag/lib/pkgconfig/apriltag.pc
[3.350s] -- Installing: /home/fbot/ros2_ws/install/apriltag/lib/python3.10/site-packages/apriltag.cpython-310-x86_64-linux-gnu.so
[3.350s] -- Set runtime path of "/home/fbot/ros2_ws/install/apriltag/lib/python3.10/site-packages/apriltag.cpython-310-x86_64-linux-gnu.so" to ""
[3.350s] -- Installing: /home/fbot/ros2_ws/install/apriltag/bin/opencv_demo
[3.350s] -- Set runtime path of "/home/fbot/ros2_ws/install/apriltag/bin/opencv_demo" to ""
[3.351s] -- Installing: /home/fbot/ros2_ws/install/apriltag/bin/apriltag_demo
[3.351s] -- Set runtime path of "/home/fbot/ros2_ws/install/apriltag/bin/apriltag_demo" to ""
[3.352s] Invoked command in '/home/fbot/ros2_ws/build/apriltag' returned '0': /usr/bin/cmake --install /home/fbot/ros2_ws/build/apriltag
