[0.081s] DEBUG:colcon:Command line arguments: ['/usr/bin/colcon', 'build', '--packages-select', 'apriltag', 'apriltag_ros']
[0.081s] DEBUG:colcon:Parsed command line arguments: Namespace(log_base=None, log_level=None, verb_name='build', build_base='build', install_base='install', merge_install=False, symlink_install=False, test_result_base=None, continue_on_error=False, executor='parallel', parallel_workers=12, event_handlers=None, ignore_user_meta=False, metas=['./colcon.meta'], base_paths=['.'], packages_ignore=None, packages_ignore_regex=None, paths=None, packages_up_to=None, packages_up_to_regex=None, packages_above=None, packages_above_and_dependencies=None, packages_above_depth=None, packages_select_by_dep=None, packages_skip_by_dep=None, packages_skip_up_to=None, packages_select_build_failed=False, packages_skip_build_finished=False, packages_select_test_failures=False, packages_skip_test_passed=False, packages_select=['apriltag', 'apriltag_ros'], packages_skip=None, packages_select_regex=None, packages_skip_regex=None, packages_start=None, packages_end=None, allow_overriding=[], cmake_args=None, cmake_target=None, cmake_target_skip_unavailable=False, cmake_clean_cache=False, cmake_clean_first=False, cmake_force_configure=False, ament_cmake_args=None, catkin_cmake_args=None, catkin_skip_building_tests=False, mixin_files=None, mixin=None, verb_parser=<colcon_mixin.mixin.mixin_argument.MixinArgumentDecorator object at 0x70c8943dc8b0>, verb_extension=<colcon_core.verb.build.BuildVerb object at 0x70c8943dc070>, main=<bound method BuildVerb.main of <colcon_core.verb.build.BuildVerb object at 0x70c8943dc070>>, mixin_verb=('build',))
[0.179s] Level 1:colcon.colcon_core.package_discovery:discover_packages(colcon_meta) check parameters
[0.179s] Level 1:colcon.colcon_core.package_discovery:discover_packages(recursive) check parameters
[0.179s] Level 1:colcon.colcon_core.package_discovery:discover_packages(ignore) check parameters
[0.179s] Level 1:colcon.colcon_core.package_discovery:discover_packages(path) check parameters
[0.179s] Level 1:colcon.colcon_core.package_discovery:discover_packages(colcon_meta) discover
[0.179s] Level 1:colcon.colcon_core.package_discovery:discover_packages(recursive) discover
[0.179s] INFO:colcon.colcon_core.package_discovery:Crawling recursively for packages in '/home/fbot/ros2_ws'
[0.180s] Level 1:colcon.colcon_core.package_identification:_identify(.) by extensions ['ignore', 'ignore_ament_install']
[0.180s] Level 1:colcon.colcon_core.package_identification:_identify(.) by extension 'ignore'
[0.180s] Level 1:colcon.colcon_core.package_identification:_identify(.) by extension 'ignore_ament_install'
[0.180s] Level 1:colcon.colcon_core.package_identification:_identify(.) by extensions ['colcon_pkg']
[0.180s] Level 1:colcon.colcon_core.package_identification:_identify(.) by extension 'colcon_pkg'
[0.180s] Level 1:colcon.colcon_core.package_identification:_identify(.) by extensions ['colcon_meta']
[0.180s] Level 1:colcon.colcon_core.package_identification:_identify(.) by extension 'colcon_meta'
[0.180s] Level 1:colcon.colcon_core.package_identification:_identify(.) by extensions ['ros']
[0.180s] Level 1:colcon.colcon_core.package_identification:_identify(.) by extension 'ros'
[0.188s] Level 1:colcon.colcon_core.package_identification:_identify(.) by extensions ['cmake', 'python']
[0.188s] Level 1:colcon.colcon_core.package_identification:_identify(.) by extension 'cmake'
[0.188s] Level 1:colcon.colcon_core.package_identification:_identify(.) by extension 'python'
[0.188s] Level 1:colcon.colcon_core.package_identification:_identify(.) by extensions ['python_setup_py']
[0.188s] Level 1:colcon.colcon_core.package_identification:_identify(.) by extension 'python_setup_py'
[0.188s] Level 1:colcon.colcon_core.package_identification:_identify(build) by extensions ['ignore', 'ignore_ament_install']
[0.188s] Level 1:colcon.colcon_core.package_identification:_identify(build) by extension 'ignore'
[0.188s] Level 1:colcon.colcon_core.package_identification:_identify(build) ignored
[0.189s] Level 1:colcon.colcon_core.package_identification:_identify(install) by extensions ['ignore', 'ignore_ament_install']
[0.189s] Level 1:colcon.colcon_core.package_identification:_identify(install) by extension 'ignore'
[0.189s] Level 1:colcon.colcon_core.package_identification:_identify(install) ignored
[0.189s] Level 1:colcon.colcon_core.package_identification:_identify(log) by extensions ['ignore', 'ignore_ament_install']
[0.189s] Level 1:colcon.colcon_core.package_identification:_identify(log) by extension 'ignore'
[0.189s] Level 1:colcon.colcon_core.package_identification:_identify(log) ignored
[0.189s] Level 1:colcon.colcon_core.package_identification:_identify(src) by extensions ['ignore', 'ignore_ament_install']
[0.189s] Level 1:colcon.colcon_core.package_identification:_identify(src) by extension 'ignore'
[0.189s] Level 1:colcon.colcon_core.package_identification:_identify(src) by extension 'ignore_ament_install'
[0.189s] Level 1:colcon.colcon_core.package_identification:_identify(src) by extensions ['colcon_pkg']
[0.189s] Level 1:colcon.colcon_core.package_identification:_identify(src) by extension 'colcon_pkg'
[0.189s] Level 1:colcon.colcon_core.package_identification:_identify(src) by extensions ['colcon_meta']
[0.189s] Level 1:colcon.colcon_core.package_identification:_identify(src) by extension 'colcon_meta'
[0.189s] Level 1:colcon.colcon_core.package_identification:_identify(src) by extensions ['ros']
[0.189s] Level 1:colcon.colcon_core.package_identification:_identify(src) by extension 'ros'
[0.189s] Level 1:colcon.colcon_core.package_identification:_identify(src) by extensions ['cmake', 'python']
[0.189s] Level 1:colcon.colcon_core.package_identification:_identify(src) by extension 'cmake'
[0.189s] Level 1:colcon.colcon_core.package_identification:_identify(src) by extension 'python'
[0.189s] Level 1:colcon.colcon_core.package_identification:_identify(src) by extensions ['python_setup_py']
[0.189s] Level 1:colcon.colcon_core.package_identification:_identify(src) by extension 'python_setup_py'
[0.190s] Level 1:colcon.colcon_core.package_identification:_identify(src/apriltag) by extensions ['ignore', 'ignore_ament_install']
[0.190s] Level 1:colcon.colcon_core.package_identification:_identify(src/apriltag) by extension 'ignore'
[0.190s] Level 1:colcon.colcon_core.package_identification:_identify(src/apriltag) by extension 'ignore_ament_install'
[0.190s] Level 1:colcon.colcon_core.package_identification:_identify(src/apriltag) by extensions ['colcon_pkg']
[0.190s] Level 1:colcon.colcon_core.package_identification:_identify(src/apriltag) by extension 'colcon_pkg'
[0.190s] Level 1:colcon.colcon_core.package_identification:_identify(src/apriltag) by extensions ['colcon_meta']
[0.190s] Level 1:colcon.colcon_core.package_identification:_identify(src/apriltag) by extension 'colcon_meta'
[0.190s] Level 1:colcon.colcon_core.package_identification:_identify(src/apriltag) by extensions ['ros']
[0.190s] Level 1:colcon.colcon_core.package_identification:_identify(src/apriltag) by extension 'ros'
[0.194s] DEBUG:colcon.colcon_core.package_identification:Package 'src/apriltag' with type 'ros.cmake' and name 'apriltag'
[0.194s] Level 1:colcon.colcon_core.package_identification:_identify(src/apriltag_ros-release) by extensions ['ignore', 'ignore_ament_install']
[0.194s] Level 1:colcon.colcon_core.package_identification:_identify(src/apriltag_ros-release) by extension 'ignore'
[0.194s] Level 1:colcon.colcon_core.package_identification:_identify(src/apriltag_ros-release) by extension 'ignore_ament_install'
[0.194s] Level 1:colcon.colcon_core.package_identification:_identify(src/apriltag_ros-release) by extensions ['colcon_pkg']
[0.194s] Level 1:colcon.colcon_core.package_identification:_identify(src/apriltag_ros-release) by extension 'colcon_pkg'
[0.194s] Level 1:colcon.colcon_core.package_identification:_identify(src/apriltag_ros-release) by extensions ['colcon_meta']
[0.194s] Level 1:colcon.colcon_core.package_identification:_identify(src/apriltag_ros-release) by extension 'colcon_meta'
[0.194s] Level 1:colcon.colcon_core.package_identification:_identify(src/apriltag_ros-release) by extensions ['ros']
[0.194s] Level 1:colcon.colcon_core.package_identification:_identify(src/apriltag_ros-release) by extension 'ros'
[0.194s] Level 1:colcon.colcon_core.package_identification:_identify(src/apriltag_ros-release) by extensions ['cmake', 'python']
[0.194s] Level 1:colcon.colcon_core.package_identification:_identify(src/apriltag_ros-release) by extension 'cmake'
[0.194s] Level 1:colcon.colcon_core.package_identification:_identify(src/apriltag_ros-release) by extension 'python'
[0.194s] Level 1:colcon.colcon_core.package_identification:_identify(src/apriltag_ros-release) by extensions ['python_setup_py']
[0.194s] Level 1:colcon.colcon_core.package_identification:_identify(src/apriltag_ros-release) by extension 'python_setup_py'
[0.194s] Level 1:colcon.colcon_core.package_discovery:discover_packages(recursive) using defaults
[0.194s] Level 1:colcon.colcon_core.package_discovery:discover_packages(ignore) discover
[0.194s] Level 1:colcon.colcon_core.package_discovery:discover_packages(ignore) using defaults
[0.194s] Level 1:colcon.colcon_core.package_discovery:discover_packages(path) discover
[0.194s] Level 1:colcon.colcon_core.package_discovery:discover_packages(path) using defaults
[0.194s] WARNING:colcon.colcon_core.package_selection:ignoring unknown package 'apriltag_ros' in --packages-select
[0.209s] Level 1:colcon.colcon_core.package_discovery:discover_packages(prefix_path) check parameters
[0.209s] Level 1:colcon.colcon_core.package_discovery:discover_packages(prefix_path) discover
[0.210s] Level 1:colcon.colcon_core.package_discovery:discover_packages(prefix_path) using defaults
[0.211s] Level 5:colcon.colcon_core.verb:set package 'apriltag' build argument 'cmake_args' from command line to 'None'
[0.211s] Level 5:colcon.colcon_core.verb:set package 'apriltag' build argument 'cmake_target' from command line to 'None'
[0.211s] Level 5:colcon.colcon_core.verb:set package 'apriltag' build argument 'cmake_target_skip_unavailable' from command line to 'False'
[0.211s] Level 5:colcon.colcon_core.verb:set package 'apriltag' build argument 'cmake_clean_cache' from command line to 'False'
[0.211s] Level 5:colcon.colcon_core.verb:set package 'apriltag' build argument 'cmake_clean_first' from command line to 'False'
[0.211s] Level 5:colcon.colcon_core.verb:set package 'apriltag' build argument 'cmake_force_configure' from command line to 'False'
[0.211s] Level 5:colcon.colcon_core.verb:set package 'apriltag' build argument 'ament_cmake_args' from command line to 'None'
[0.211s] Level 5:colcon.colcon_core.verb:set package 'apriltag' build argument 'catkin_cmake_args' from command line to 'None'
[0.211s] Level 5:colcon.colcon_core.verb:set package 'apriltag' build argument 'catkin_skip_building_tests' from command line to 'False'
[0.211s] DEBUG:colcon.colcon_core.verb:Building package 'apriltag' with the following arguments: {'ament_cmake_args': None, 'build_base': '/home/fbot/ros2_ws/build/apriltag', 'catkin_cmake_args': None, 'catkin_skip_building_tests': False, 'cmake_args': None, 'cmake_clean_cache': False, 'cmake_clean_first': False, 'cmake_force_configure': False, 'cmake_target': None, 'cmake_target_skip_unavailable': False, 'install_base': '/home/fbot/ros2_ws/install/apriltag', 'merge_install': False, 'path': '/home/fbot/ros2_ws/src/apriltag', 'symlink_install': False, 'test_result_base': None}
[0.211s] INFO:colcon.colcon_core.executor:Executing jobs using 'parallel' executor
[0.212s] DEBUG:colcon.colcon_parallel_executor.executor.parallel:run_until_complete
[0.212s] INFO:colcon.colcon_ros.task.cmake.build:Building ROS package in '/home/fbot/ros2_ws/src/apriltag' with build type 'cmake'
[0.212s] INFO:colcon.colcon_cmake.task.cmake.build:Building CMake package in '/home/fbot/ros2_ws/src/apriltag'
[0.214s] INFO:colcon.colcon_core.plugin_system:Skipping extension 'colcon_core.shell.bat': Not used on non-Windows systems
[0.214s] INFO:colcon.colcon_core.shell:Skip shell extension 'powershell' for command environment: Not usable outside of PowerShell
[0.214s] DEBUG:colcon.colcon_core.shell:Skip shell extension 'dsv' for command environment
[0.218s] DEBUG:colcon.colcon_core.event_handler.log_command:Invoking command in '/home/fbot/ros2_ws/build/apriltag': /usr/bin/cmake /home/fbot/ros2_ws/src/apriltag -DCMAKE_INSTALL_PREFIX=/home/fbot/ros2_ws/install/apriltag
[0.920s] DEBUG:colcon.colcon_core.event_handler.log_command:Invoked command in '/home/fbot/ros2_ws/build/apriltag' returned '0': /usr/bin/cmake /home/fbot/ros2_ws/src/apriltag -DCMAKE_INSTALL_PREFIX=/home/fbot/ros2_ws/install/apriltag
[0.921s] DEBUG:colcon.colcon_core.event_handler.log_command:Invoking command in '/home/fbot/ros2_ws/build/apriltag': /usr/bin/cmake --build /home/fbot/ros2_ws/build/apriltag -- -j12 -l12
[3.546s] DEBUG:colcon.colcon_core.event_handler.log_command:Invoked command in '/home/fbot/ros2_ws/build/apriltag' returned '0': /usr/bin/cmake --build /home/fbot/ros2_ws/build/apriltag -- -j12 -l12
[3.553s] DEBUG:colcon.colcon_core.event_handler.log_command:Invoking command in '/home/fbot/ros2_ws/build/apriltag': /usr/bin/cmake --install /home/fbot/ros2_ws/build/apriltag
[3.564s] DEBUG:colcon.colcon_core.event_handler.log_command:Invoked command in '/home/fbot/ros2_ws/build/apriltag' returned '0': /usr/bin/cmake --install /home/fbot/ros2_ws/build/apriltag
[3.564s] Level 1:colcon.colcon_core.shell:create_environment_hook('apriltag', 'pkg_config_path')
[3.565s] INFO:colcon.colcon_core.shell:Creating environment hook '/home/fbot/ros2_ws/install/apriltag/share/apriltag/hook/pkg_config_path.ps1'
[3.565s] INFO:colcon.colcon_core.shell:Creating environment descriptor '/home/fbot/ros2_ws/install/apriltag/share/apriltag/hook/pkg_config_path.dsv'
[3.565s] INFO:colcon.colcon_core.shell:Creating environment hook '/home/fbot/ros2_ws/install/apriltag/share/apriltag/hook/pkg_config_path.sh'
[3.567s] Level 1:colcon.colcon_core.shell:create_environment_hook('apriltag', 'pkg_config_path_multiarch')
[3.567s] INFO:colcon.colcon_core.shell:Creating environment hook '/home/fbot/ros2_ws/install/apriltag/share/apriltag/hook/pkg_config_path_multiarch.ps1'
[3.567s] INFO:colcon.colcon_core.shell:Creating environment descriptor '/home/fbot/ros2_ws/install/apriltag/share/apriltag/hook/pkg_config_path_multiarch.dsv'
[3.567s] INFO:colcon.colcon_core.shell:Creating environment hook '/home/fbot/ros2_ws/install/apriltag/share/apriltag/hook/pkg_config_path_multiarch.sh'
[3.568s] Level 1:colcon.colcon_core.environment:create_environment_scripts_only(apriltag)
[3.569s] Level 1:colcon.colcon_core.environment:checking '/home/fbot/ros2_ws/install/apriltag' for CMake module files
[3.570s] Level 1:colcon.colcon_core.environment:checking '/home/fbot/ros2_ws/install/apriltag' for CMake config files
[3.570s] Level 1:colcon.colcon_core.shell:create_environment_hook('apriltag', 'cmake_prefix_path')
[3.570s] INFO:colcon.colcon_core.shell:Creating environment hook '/home/fbot/ros2_ws/install/apriltag/share/apriltag/hook/cmake_prefix_path.ps1'
[3.570s] INFO:colcon.colcon_core.shell:Creating environment descriptor '/home/fbot/ros2_ws/install/apriltag/share/apriltag/hook/cmake_prefix_path.dsv'
[3.571s] INFO:colcon.colcon_core.shell:Creating environment hook '/home/fbot/ros2_ws/install/apriltag/share/apriltag/hook/cmake_prefix_path.sh'
[3.571s] Level 1:colcon.colcon_core.environment:checking '/home/fbot/ros2_ws/install/apriltag/lib'
[3.571s] Level 1:colcon.colcon_core.shell:create_environment_hook('apriltag', 'ld_library_path_lib')
[3.571s] INFO:colcon.colcon_core.shell:Creating environment hook '/home/fbot/ros2_ws/install/apriltag/share/apriltag/hook/ld_library_path_lib.ps1'
[3.572s] INFO:colcon.colcon_core.shell:Creating environment descriptor '/home/fbot/ros2_ws/install/apriltag/share/apriltag/hook/ld_library_path_lib.dsv'
[3.572s] INFO:colcon.colcon_core.shell:Creating environment hook '/home/fbot/ros2_ws/install/apriltag/share/apriltag/hook/ld_library_path_lib.sh'
[3.572s] Level 1:colcon.colcon_core.environment:checking '/home/fbot/ros2_ws/install/apriltag/bin'
[3.572s] Level 1:colcon.colcon_core.shell:create_environment_hook('apriltag', 'path')
[3.572s] INFO:colcon.colcon_core.shell:Creating environment hook '/home/fbot/ros2_ws/install/apriltag/share/apriltag/hook/path.ps1'
[3.573s] INFO:colcon.colcon_core.shell:Creating environment descriptor '/home/fbot/ros2_ws/install/apriltag/share/apriltag/hook/path.dsv'
[3.573s] INFO:colcon.colcon_core.shell:Creating environment hook '/home/fbot/ros2_ws/install/apriltag/share/apriltag/hook/path.sh'
[3.573s] Level 1:colcon.colcon_core.environment:checking '/home/fbot/ros2_ws/install/apriltag/lib/pkgconfig/apriltag.pc'
[3.573s] Level 1:colcon.colcon_core.shell:create_environment_hook('apriltag', 'pkg_config')
[3.573s] INFO:colcon.colcon_core.shell:Creating environment hook '/home/fbot/ros2_ws/install/apriltag/share/apriltag/hook/pkg_config.ps1'
[3.574s] INFO:colcon.colcon_core.shell:Creating environment descriptor '/home/fbot/ros2_ws/install/apriltag/share/apriltag/hook/pkg_config.dsv'
[3.574s] INFO:colcon.colcon_core.shell:Creating environment hook '/home/fbot/ros2_ws/install/apriltag/share/apriltag/hook/pkg_config.sh'
[3.575s] Level 1:colcon.colcon_core.environment:checking '/home/fbot/ros2_ws/install/apriltag/lib/python3.10/site-packages'
[3.575s] Level 1:colcon.colcon_core.shell:create_environment_hook('apriltag', 'pythonpath')
[3.575s] INFO:colcon.colcon_core.shell:Creating environment hook '/home/fbot/ros2_ws/install/apriltag/share/apriltag/hook/pythonpath.ps1'
[3.576s] INFO:colcon.colcon_core.shell:Creating environment descriptor '/home/fbot/ros2_ws/install/apriltag/share/apriltag/hook/pythonpath.dsv'
[3.576s] INFO:colcon.colcon_core.shell:Creating environment hook '/home/fbot/ros2_ws/install/apriltag/share/apriltag/hook/pythonpath.sh'
[3.576s] Level 1:colcon.colcon_core.environment:checking '/home/fbot/ros2_ws/install/apriltag/bin'
[3.576s] Level 1:colcon.colcon_core.shell:create_environment_hook('apriltag', 'pythonscriptspath')
[3.577s] INFO:colcon.colcon_core.shell:Creating environment hook '/home/fbot/ros2_ws/install/apriltag/share/apriltag/hook/pythonscriptspath.ps1'
[3.577s] INFO:colcon.colcon_core.shell:Creating environment descriptor '/home/fbot/ros2_ws/install/apriltag/share/apriltag/hook/pythonscriptspath.dsv'
[3.577s] INFO:colcon.colcon_core.shell:Creating environment hook '/home/fbot/ros2_ws/install/apriltag/share/apriltag/hook/pythonscriptspath.sh'
[3.578s] INFO:colcon.colcon_core.shell:Creating package script '/home/fbot/ros2_ws/install/apriltag/share/apriltag/package.ps1'
[3.579s] INFO:colcon.colcon_core.shell:Creating package descriptor '/home/fbot/ros2_ws/install/apriltag/share/apriltag/package.dsv'
[3.579s] INFO:colcon.colcon_core.shell:Creating package script '/home/fbot/ros2_ws/install/apriltag/share/apriltag/package.sh'
[3.580s] INFO:colcon.colcon_core.shell:Creating package script '/home/fbot/ros2_ws/install/apriltag/share/apriltag/package.bash'
[3.581s] INFO:colcon.colcon_core.shell:Creating package script '/home/fbot/ros2_ws/install/apriltag/share/apriltag/package.zsh'
[3.581s] Level 1:colcon.colcon_core.environment:create_file_with_runtime_dependencies(/home/fbot/ros2_ws/install/apriltag/share/colcon-core/packages/apriltag)
[3.581s] DEBUG:colcon.colcon_parallel_executor.executor.parallel:closing loop
[3.582s] DEBUG:colcon.colcon_parallel_executor.executor.parallel:loop closed
[3.582s] DEBUG:colcon.colcon_parallel_executor.executor.parallel:run_until_complete finished with '0'
[3.582s] DEBUG:colcon.colcon_core.event_reactor:joining thread
[3.586s] INFO:colcon.colcon_core.plugin_system:Skipping extension 'colcon_notification.desktop_notification.terminal_notifier': Not used on non-Darwin systems
[3.586s] INFO:colcon.colcon_core.plugin_system:Skipping extension 'colcon_notification.desktop_notification.win32': Not used on non-Windows systems
[3.586s] INFO:colcon.colcon_notification.desktop_notification:Sending desktop notification using 'notify2'
[3.594s] DEBUG:colcon.colcon_core.event_reactor:joined thread
[3.595s] INFO:colcon.colcon_core.shell:Creating prefix script '/home/fbot/ros2_ws/install/local_setup.ps1'
[3.595s] INFO:colcon.colcon_core.shell:Creating prefix util module '/home/fbot/ros2_ws/install/_local_setup_util_ps1.py'
[3.597s] INFO:colcon.colcon_core.shell:Creating prefix chain script '/home/fbot/ros2_ws/install/setup.ps1'
[3.605s] INFO:colcon.colcon_core.shell:Creating prefix script '/home/fbot/ros2_ws/install/local_setup.sh'
[3.605s] INFO:colcon.colcon_core.shell:Creating prefix util module '/home/fbot/ros2_ws/install/_local_setup_util_sh.py'
[3.606s] INFO:colcon.colcon_core.shell:Creating prefix chain script '/home/fbot/ros2_ws/install/setup.sh'
[3.607s] INFO:colcon.colcon_core.shell:Creating prefix script '/home/fbot/ros2_ws/install/local_setup.bash'
[3.607s] INFO:colcon.colcon_core.shell:Creating prefix chain script '/home/fbot/ros2_ws/install/setup.bash'
[3.607s] INFO:colcon.colcon_core.shell:Creating prefix script '/home/fbot/ros2_ws/install/local_setup.zsh'
[3.608s] INFO:colcon.colcon_core.shell:Creating prefix chain script '/home/fbot/ros2_ws/install/setup.zsh'
